TN:
SF:/home/user/vega/projects/glace/glace-web/lib/config.js
FNF:0
FNH:0
DA:16,4
DA:17,4
DA:18,4
DA:20,4
DA:21,4
DA:23,4
DA:25,4
DA:26,4
DA:27,4
DA:28,4
DA:29,4
DA:30,4
DA:31,4
DA:32,4
DA:33,4
DA:34,4
DA:35,4
DA:37,4
DA:38,4
DA:39,4
DA:41,4
DA:42,0
DA:45,4
DA:47,4
DA:49,4
DA:51,4
DA:52,0
DA:53,0
DA:54,0
DA:57,4
DA:58,4
DA:59,4
DA:60,4
DA:61,4
DA:78,4
DA:79,0
DA:82,4
DA:83,0
DA:86,4
DA:87,0
DA:88,0
DA:89,0
DA:91,0
DA:97,0
DA:98,0
DA:99,0
DA:100,0
DA:101,0
DA:103,0
DA:104,0
DA:105,0
DA:106,0
DA:108,0
DA:109,0
DA:110,0
DA:111,0
DA:112,0
DA:116,4
LF:58
LH:34
BRDA:33,0,0,4
BRDA:33,0,1,0
BRDA:34,1,0,4
BRDA:34,1,1,0
BRDA:41,2,0,0
BRDA:41,2,1,4
BRDA:51,3,0,0
BRDA:51,3,1,4
BRDA:53,4,0,0
BRDA:53,4,1,0
BRDA:54,5,0,0
BRDA:54,5,1,0
BRDA:57,6,0,4
BRDA:57,6,1,0
BRDA:60,7,0,4
BRDA:60,7,1,0
BRDA:78,8,0,0
BRDA:78,8,1,4
BRDA:82,9,0,0
BRDA:82,9,1,4
BRDA:86,10,0,0
BRDA:86,10,1,4
BRDA:88,11,0,0
BRDA:88,11,1,0
BRDA:100,12,0,0
BRDA:100,12,1,0
BRDA:103,13,0,0
BRDA:103,13,1,0
BRDA:108,14,0,0
BRDA:108,14,1,0
BRDA:112,15,0,0
BRDA:112,15,1,0
BRF:32
BRH:9
end_of_record
TN:
SF:/home/user/vega/projects/glace/glace-web/lib/fixtures.js
FN:18,(anonymous_0)
FN:21,(anonymous_1)
FN:29,(anonymous_2)
FN:41,(anonymous_3)
FN:44,(anonymous_4)
FN:50,(anonymous_5)
FN:62,(anonymous_6)
FN:63,(anonymous_7)
FN:73,(anonymous_8)
FN:79,(anonymous_9)
FNF:10
FNH:4
FNDA:1,(anonymous_0)
FNDA:0,(anonymous_1)
FNDA:0,(anonymous_2)
FNDA:1,(anonymous_3)
FNDA:0,(anonymous_4)
FNDA:0,(anonymous_5)
FNDA:1,(anonymous_6)
FNDA:0,(anonymous_7)
FNDA:1,(anonymous_8)
FNDA:0,(anonymous_9)
DA:8,1
DA:10,1
DA:18,1
DA:21,1
DA:22,0
DA:23,0
DA:24,0
DA:27,1
DA:29,1
DA:30,0
DA:31,0
DA:41,1
DA:44,1
DA:45,0
DA:48,1
DA:50,1
DA:51,0
DA:52,0
DA:62,1
DA:63,1
DA:64,1
DA:73,1
DA:75,1
DA:79,1
DA:80,0
DA:83,1
LF:26
LH:17
BRDA:22,0,0,0
BRDA:22,0,1,0
BRDA:30,1,0,0
BRDA:30,1,1,0
BRDA:51,2,0,0
BRDA:51,2,1,0
BRF:6
BRH:0
end_of_record
TN:
SF:/home/user/vega/projects/glace/glace-web/lib/index.js
FN:15,(anonymous_0)
FN:24,(anonymous_1)
FN:33,(anonymous_2)
FN:42,(anonymous_3)
FNF:4
FNH:4
FNDA:1,(anonymous_0)
FNDA:2,(anonymous_1)
FNDA:1,(anonymous_2)
FNDA:1,(anonymous_3)
DA:10,1
DA:16,1
DA:17,1
DA:25,2
DA:26,2
DA:34,1
DA:35,1
DA:43,1
DA:44,1
LF:9
LH:9
BRDA:16,0,0,1
BRDA:16,0,1,1
BRDA:25,1,0,2
BRDA:25,1,1,1
BRDA:34,2,0,1
BRDA:34,2,1,1
BRDA:43,3,0,1
BRDA:43,3,1,1
BRF:8
BRH:8
end_of_record
TN:
SF:/home/user/vega/projects/glace/glace-web/lib/pluginHelp.js
FN:7,(anonymous_0)
FNF:1
FNH:1
FNDA:1,(anonymous_0)
DA:7,1
DA:8,1
LF:2
LH:2
BRF:0
BRH:0
end_of_record
TN:
SF:/home/user/vega/projects/glace/glace-web/lib/utils.js
FN:8,(anonymous_0)
FN:10,(anonymous_1)
FN:13,(anonymous_2)
FN:21,(anonymous_3)
FN:30,(anonymous_4)
FNF:5
FNH:2
FNDA:0,(anonymous_0)
FNDA:0,(anonymous_1)
FNDA:4,(anonymous_2)
FNDA:2,(anonymous_3)
FNDA:0,(anonymous_4)
DA:3,1
DA:4,1
DA:6,1
DA:9,0
DA:10,0
DA:14,4
DA:15,0
DA:17,4
DA:22,2
DA:23,0
DA:25,2
DA:30,1
DA:31,0
LF:13
LH:8
BRDA:9,0,0,0
BRDA:9,0,1,0
BRDA:14,1,0,0
BRDA:14,1,1,4
BRDA:22,2,0,0
BRDA:22,2,1,2
BRF:6
BRH:2
end_of_record
TN:
SF:/home/user/vega/projects/glace/glace-web/lib/pom/element.js
FN:22,(anonymous_0)
FN:39,(anonymous_1)
FN:52,(anonymous_2)
FN:62,(anonymous_3)
FN:72,(anonymous_4)
FN:74,(anonymous_5)
FN:86,(anonymous_6)
FN:119,(anonymous_7)
FN:143,(anonymous_8)
FN:157,(anonymous_9)
FN:169,(anonymous_10)
FN:192,(anonymous_11)
FN:216,(anonymous_12)
FN:255,(anonymous_13)
FN:277,(anonymous_14)
FN:279,(anonymous_15)
FN:290,(anonymous_16)
FN:294,(anonymous_17)
FN:307,(anonymous_18)
FN:311,(anonymous_19)
FN:321,(anonymous_20)
FN:322,(anonymous_21)
FN:336,(anonymous_22)
FN:341,(anonymous_23)
FN:354,(anonymous_24)
FN:358,(anonymous_25)
FN:373,(anonymous_26)
FNF:27
FNH:1
FNDA:2,(anonymous_0)
FNDA:0,(anonymous_1)
FNDA:0,(anonymous_2)
FNDA:0,(anonymous_3)
FNDA:0,(anonymous_4)
FNDA:0,(anonymous_5)
FNDA:0,(anonymous_6)
FNDA:0,(anonymous_7)
FNDA:0,(anonymous_8)
FNDA:0,(anonymous_9)
FNDA:0,(anonymous_10)
FNDA:0,(anonymous_11)
FNDA:0,(anonymous_12)
FNDA:0,(anonymous_13)
FNDA:0,(anonymous_14)
FNDA:0,(anonymous_15)
FNDA:0,(anonymous_16)
FNDA:0,(anonymous_17)
FNDA:0,(anonymous_18)
FNDA:0,(anonymous_19)
FNDA:0,(anonymous_20)
FNDA:0,(anonymous_21)
FNDA:0,(anonymous_22)
FNDA:0,(anonymous_23)
FNDA:0,(anonymous_24)
FNDA:0,(anonymous_25)
FNDA:0,(anonymous_26)
DA:14,1
DA:15,1
DA:16,1
DA:18,1
DA:19,1
DA:20,1
DA:22,1
DA:24,2
DA:25,2
DA:26,2
DA:28,2
DA:29,2
DA:30,2
DA:31,2
DA:39,1
DA:40,0
DA:41,0
DA:43,0
DA:52,1
DA:53,0
DA:62,1
DA:63,0
DA:72,1
DA:73,0
DA:74,0
DA:86,1
DA:88,0
DA:89,0
DA:91,0
DA:92,0
DA:95,0
DA:96,0
DA:98,0
DA:99,0
DA:101,0
DA:102,0
DA:104,0
DA:119,1
DA:121,0
DA:122,0
DA:123,0
DA:124,0
DA:126,0
DA:127,0
DA:128,0
DA:129,0
DA:131,0
DA:133,0
DA:143,1
DA:145,0
DA:157,0
DA:169,1
DA:171,0
DA:172,0
DA:174,0
DA:175,0
DA:178,0
DA:179,0
DA:192,1
DA:194,0
DA:195,0
DA:196,0
DA:198,0
DA:199,0
DA:200,0
DA:201,0
DA:203,0
DA:216,1
DA:218,0
DA:219,0
DA:220,0
DA:222,0
DA:223,0
DA:224,0
DA:225,0
DA:228,0
DA:229,0
DA:230,0
DA:231,0
DA:244,1
DA:255,1
DA:257,0
DA:258,0
DA:260,0
DA:261,0
DA:264,0
DA:265,0
DA:267,0
DA:268,0
DA:277,1
DA:278,0
DA:279,0
DA:290,1
DA:291,0
DA:292,0
DA:294,0
DA:295,0
DA:307,1
DA:308,0
DA:309,0
DA:311,0
DA:312,0
DA:321,1
DA:322,0
DA:323,0
DA:324,0
DA:336,1
DA:337,0
DA:338,0
DA:341,0
DA:342,0
DA:354,1
DA:355,0
DA:356,0
DA:358,0
DA:359,0
DA:373,1
DA:374,0
DA:375,0
DA:376,0
DA:377,0
DA:380,1
LF:122
LH:34
BRDA:40,0,0,0
BRDA:40,0,1,0
BRDA:91,1,0,0
BRDA:91,1,1,0
BRDA:96,2,0,0
BRDA:96,2,1,0
BRDA:99,3,0,0
BRDA:99,3,1,0
BRDA:102,4,0,0
BRDA:102,4,1,0
BRDA:126,5,0,0
BRDA:126,5,1,0
BRDA:128,6,0,0
BRDA:128,6,1,0
BRDA:131,7,0,0
BRDA:131,7,1,0
BRDA:174,8,0,0
BRDA:174,8,1,0
BRDA:198,9,0,0
BRDA:198,9,1,0
BRDA:200,10,0,0
BRDA:200,10,1,0
BRDA:222,11,0,0
BRDA:222,11,1,0
BRDA:224,12,0,0
BRDA:224,12,1,0
BRDA:260,13,0,0
BRDA:260,13,1,0
BRDA:265,14,0,0
BRDA:265,14,1,0
BRDA:323,15,0,0
BRDA:323,15,1,0
BRDA:373,16,0,0
BRF:33
BRH:0
end_of_record
TN:
SF:/home/user/vega/projects/glace/glace-web/lib/pom/event.js
FN:16,(anonymous_0)
FN:28,(anonymous_1)
FN:43,(anonymous_2)
FN:62,(anonymous_3)
FN:81,(anonymous_4)
FN:100,(anonymous_5)
FN:119,(anonymous_6)
FN:138,(anonymous_7)
FN:157,(anonymous_8)
FN:176,(anonymous_9)
FNF:10
FNH:1
FNDA:2,(anonymous_0)
FNDA:0,(anonymous_1)
FNDA:0,(anonymous_2)
FNDA:0,(anonymous_3)
FNDA:0,(anonymous_4)
FNDA:0,(anonymous_5)
FNDA:0,(anonymous_6)
FNDA:0,(anonymous_7)
FNDA:0,(anonymous_8)
FNDA:0,(anonymous_9)
DA:12,1
DA:14,1
DA:16,1
DA:17,2
DA:18,2
DA:19,2
DA:20,2
DA:28,1
DA:29,0
DA:30,0
DA:32,0
DA:43,1
DA:44,0
DA:51,0
DA:62,1
DA:63,0
DA:70,0
DA:81,1
DA:82,0
DA:89,0
DA:100,1
DA:101,0
DA:108,0
DA:119,1
DA:120,0
DA:127,0
DA:138,1
DA:139,0
DA:146,0
DA:157,1
DA:158,0
DA:165,0
DA:176,1
DA:177,0
DA:184,0
DA:187,1
LF:36
LH:17
BRDA:29,0,0,0
BRDA:29,0,1,0
BRF:2
BRH:0
end_of_record
TN:
SF:/home/user/vega/projects/glace/glace-web/lib/pom/index.js
FN:16,(anonymous_0)
FN:31,(anonymous_1)
FN:41,(anonymous_2)
FN:53,(anonymous_3)
FN:67,(anonymous_4)
FN:100,(anonymous_5)
FNF:6
FNH:3
FNDA:1,(anonymous_0)
FNDA:0,(anonymous_1)
FNDA:0,(anonymous_2)
FNDA:1,(anonymous_3)
FNDA:2,(anonymous_4)
FNDA:0,(anonymous_5)
DA:12,1
DA:14,1
DA:16,1
DA:18,1
DA:19,1
DA:21,1
DA:23,1
DA:31,1
DA:32,0
DA:41,1
DA:42,0
DA:45,0
DA:53,1
DA:54,1
DA:55,2
DA:56,2
DA:67,1
DA:69,2
DA:70,0
DA:71,2
DA:73,0
DA:74,0
DA:77,0
DA:78,0
DA:79,0
DA:80,0
DA:83,2
DA:84,2
DA:85,0
DA:88,2
DA:90,0
DA:100,1
DA:101,0
DA:104,1
LF:34
LH:21
BRDA:23,0,0,1
BRDA:23,0,1,0
BRDA:69,1,0,0
BRDA:69,1,1,2
BRDA:71,2,0,0
BRDA:71,2,1,2
BRDA:73,3,0,0
BRDA:73,3,1,0
BRDA:83,4,0,2
BRDA:83,4,1,0
BRDA:84,5,0,0
BRDA:84,5,1,2
BRF:12
BRH:5
end_of_record
TN:
SF:/home/user/vega/projects/glace/glace-web/lib/steps/browser.js
FN:27,(anonymous_0)
FN:41,(anonymous_1)
FN:66,(anonymous_2)
FN:68,(anonymous_3)
FN:78,(anonymous_4)
FN:103,(anonymous_5)
FN:104,(anonymous_6)
FN:116,(anonymous_7)
FN:137,(anonymous_8)
FN:139,(anonymous_9)
FN:156,(anonymous_10)
FN:219,(anonymous_11)
FN:242,(anonymous_12)
FN:268,(anonymous_13)
FN:317,(anonymous_14)
FN:358,(anonymous_15)
FN:376,(anonymous_16)
FN:406,(anonymous_17)
FN:418,(anonymous_18)
FN:443,(anonymous_19)
FN:466,(anonymous_20)
FNF:21
FNH:0
FNDA:0,(anonymous_0)
FNDA:0,(anonymous_1)
FNDA:0,(anonymous_2)
FNDA:0,(anonymous_3)
FNDA:0,(anonymous_4)
FNDA:0,(anonymous_5)
FNDA:0,(anonymous_6)
FNDA:0,(anonymous_7)
FNDA:0,(anonymous_8)
FNDA:0,(anonymous_9)
FNDA:0,(anonymous_10)
FNDA:0,(anonymous_11)
FNDA:0,(anonymous_12)
FNDA:0,(anonymous_13)
FNDA:0,(anonymous_14)
FNDA:0,(anonymous_15)
FNDA:0,(anonymous_16)
FNDA:0,(anonymous_17)
FNDA:0,(anonymous_18)
FNDA:0,(anonymous_19)
FNDA:0,(anonymous_20)
DA:8,1
DA:9,1
DA:11,1
DA:12,1
DA:13,1
DA:14,1
DA:15,1
DA:16,1
DA:17,1
DA:19,1
DA:23,1
DA:36,0
DA:37,0
DA:38,0
DA:54,0
DA:55,0
DA:56,0
DA:59,0
DA:60,0
DA:61,0
DA:63,0
DA:64,0
DA:66,0
DA:68,0
DA:69,0
DA:70,0
DA:74,0
DA:75,0
DA:92,0
DA:93,0
DA:94,0
DA:97,0
DA:98,0
DA:100,0
DA:101,0
DA:103,0
DA:104,0
DA:105,0
DA:106,0
DA:110,0
DA:111,0
DA:113,0
DA:129,0
DA:130,0
DA:131,0
DA:134,0
DA:135,0
DA:137,0
DA:139,0
DA:140,0
DA:142,0
DA:143,0
DA:145,0
DA:146,0
DA:147,0
DA:150,0
DA:151,0
DA:153,0
DA:178,0
DA:179,0
DA:180,0
DA:183,0
DA:184,0
DA:186,0
DA:187,0
DA:189,0
DA:191,0
DA:193,0
DA:196,0
DA:197,0
DA:199,0
DA:200,0
DA:204,0
DA:205,0
DA:207,0
DA:208,0
DA:211,0
DA:212,0
DA:220,0
DA:221,0
DA:222,0
DA:224,0
DA:225,0
DA:245,0
DA:248,0
DA:250,0
DA:251,0
DA:256,0
DA:257,0
DA:261,0
DA:262,0
DA:265,0
DA:285,0
DA:286,0
DA:287,0
DA:288,0
DA:290,0
DA:291,0
DA:293,0
DA:294,0
DA:296,0
DA:300,0
DA:301,0
DA:303,0
DA:306,0
DA:311,0
DA:312,0
DA:314,0
DA:332,0
DA:333,0
DA:334,0
DA:337,0
DA:338,0
DA:340,0
DA:341,0
DA:343,0
DA:344,0
DA:346,0
DA:347,0
DA:350,0
DA:352,0
DA:353,0
DA:355,0
DA:370,0
DA:371,0
DA:372,0
DA:373,0
DA:393,0
DA:394,0
DA:395,0
DA:397,0
DA:398,0
DA:400,0
DA:402,0
DA:403,0
DA:406,0
DA:407,0
DA:408,0
DA:410,0
DA:414,0
DA:415,0
DA:431,0
DA:432,0
DA:434,0
DA:435,0
DA:445,0
DA:449,0
DA:451,0
DA:452,0
DA:454,0
DA:458,1
DA:466,1
DA:467,0
DA:468,0
DA:469,0
DA:471,0
LF:156
LH:13
BRDA:54,0,0,0
BRDA:54,0,1,0
BRDA:54,1,0,0
BRDA:54,1,1,0
BRDA:69,2,0,0
BRDA:69,2,1,0
BRDA:92,3,0,0
BRDA:92,3,1,0
BRDA:105,4,0,0
BRDA:105,4,1,0
BRDA:129,5,0,0
BRDA:129,5,1,0
BRDA:147,6,0,0
BRDA:147,6,1,0
BRDA:178,7,0,0
BRDA:178,7,1,0
BRDA:191,8,0,0
BRDA:191,8,1,0
BRDA:191,9,0,0
BRDA:191,9,1,0
BRDA:199,10,0,0
BRDA:199,10,1,0
BRDA:207,11,0,0
BRDA:207,11,1,0
BRDA:207,12,0,0
BRDA:207,12,1,0
BRDA:207,12,2,0
BRDA:250,13,0,0
BRDA:250,13,1,0
BRDA:250,14,0,0
BRDA:250,14,1,0
BRDA:257,15,0,0
BRDA:257,15,1,0
BRDA:262,16,0,0
BRDA:262,16,1,0
BRDA:300,17,0,0
BRDA:300,17,1,0
BRDA:332,18,0,0
BRDA:332,18,1,0
BRDA:346,19,0,0
BRDA:346,19,1,0
BRDA:402,20,0,0
BRDA:402,20,1,0
BRDA:449,21,0,0
BRDA:449,21,1,0
BRDA:452,22,0,0
BRDA:452,22,1,0
BRDA:469,23,0,0
BRDA:469,23,1,0
BRF:49
BRH:0
end_of_record
TN:
SF:/home/user/vega/projects/glace/glace-web/lib/steps/index.js
FNF:0
FNH:0
DA:12,1
DA:14,1
DA:16,1
DA:17,1
DA:21,1
LF:5
LH:5
BRF:0
BRH:0
end_of_record
TN:
SF:/home/user/vega/projects/glace/glace-web/lib/steps/page.js
FN:16,(anonymous_0)
FN:42,(anonymous_1)
FN:68,(anonymous_2)
FN:94,(anonymous_3)
FN:112,(anonymous_4)
FN:128,(anonymous_5)
FN:168,(anonymous_6)
FNF:7
FNH:0
FNDA:0,(anonymous_0)
FNDA:0,(anonymous_1)
FNDA:0,(anonymous_2)
FNDA:0,(anonymous_3)
FNDA:0,(anonymous_4)
FNDA:0,(anonymous_5)
FNDA:0,(anonymous_6)
DA:8,1
DA:10,1
DA:11,1
DA:12,1
DA:14,1
DA:26,0
DA:27,0
DA:28,0
DA:29,0
DA:32,0
DA:33,0
DA:35,0
DA:36,0
DA:38,0
DA:52,0
DA:53,0
DA:54,0
DA:55,0
DA:58,0
DA:59,0
DA:61,0
DA:62,0
DA:64,0
DA:80,0
DA:81,0
DA:84,0
DA:86,0
DA:87,0
DA:88,0
DA:90,0
DA:91,0
DA:107,0
DA:108,0
DA:111,0
DA:112,0
DA:114,0
DA:115,0
DA:117,0
DA:118,0
DA:119,0
DA:120,0
DA:121,0
DA:124,0
DA:143,0
DA:144,0
DA:146,0
DA:147,0
DA:149,0
DA:151,0
DA:152,0
DA:156,0
DA:157,0
DA:159,0
DA:169,0
DA:170,0
DA:173,1
LF:56
LH:6
BRDA:27,0,0,0
BRDA:27,0,1,0
BRDA:53,1,0,0
BRDA:53,1,1,0
BRDA:118,2,0,0
BRDA:118,2,1,0
BRDA:151,3,0,0
BRDA:151,3,1,0
BRDA:169,4,0,0
BRDA:169,4,1,0
BRF:10
BRH:0
end_of_record
TN:
SF:/home/user/vega/projects/glace/glace-web/tests/e2e/tests.js
FN:19,(anonymous_0)
FN:31,(anonymous_1)
FN:41,(anonymous_2)
FN:43,(anonymous_3)
FN:47,(anonymous_4)
FN:49,(anonymous_5)
FN:55,(anonymous_6)
FN:60,(anonymous_7)
FN:67,(anonymous_8)
FN:69,(anonymous_9)
FN:73,(anonymous_10)
FNF:11
FNH:3
FNDA:0,(anonymous_0)
FNDA:0,(anonymous_1)
FNDA:1,(anonymous_2)
FNDA:0,(anonymous_3)
FNDA:1,(anonymous_4)
FNDA:0,(anonymous_5)
FNDA:0,(anonymous_6)
FNDA:0,(anonymous_7)
FNDA:1,(anonymous_8)
FNDA:0,(anonymous_9)
FNDA:0,(anonymous_10)
DA:3,1
DA:4,1
DA:6,1
DA:11,1
DA:20,0
DA:21,0
DA:22,0
DA:32,0
DA:33,0
DA:34,0
DA:35,0
DA:39,1
DA:41,1
DA:43,1
DA:44,0
DA:47,1
DA:49,1
DA:50,0
DA:51,0
DA:52,0
DA:55,1
DA:56,0
DA:57,0
DA:60,1
DA:61,0
DA:62,0
DA:63,0
DA:67,1
DA:69,1
DA:70,0
DA:73,1
DA:74,0
LF:32
LH:14
BRF:0
BRH:0
end_of_record
TN:
SF:/home/user/vega/projects/glace/glace-web/tests/unit/testConfig.js
FN:5,(anonymous_0)
FN:7,(anonymous_1)
FN:11,(anonymous_2)
FN:13,(anonymous_3)
FN:18,(anonymous_4)
FN:22,(anonymous_5)
FN:27,(anonymous_6)
FN:31,(anonymous_7)
FNF:8
FNH:8
FNDA:1,(anonymous_0)
FNDA:1,(anonymous_1)
FNDA:1,(anonymous_2)
FNDA:4,(anonymous_3)
FNDA:2,(anonymous_4)
FNDA:2,(anonymous_5)
FNDA:1,(anonymous_6)
FNDA:1,(anonymous_7)
DA:3,1
DA:5,1
DA:7,1
DA:8,1
DA:11,1
DA:13,1
DA:14,4
DA:15,4
DA:18,1
DA:19,2
DA:22,1
DA:23,2
DA:24,2
DA:27,1
DA:28,1
DA:31,1
DA:32,1
DA:33,1
DA:34,1
LF:19
LH:19
BRF:0
BRH:0
end_of_record
TN:
SF:/home/user/vega/projects/glace/glace-web/tests/unit/testElement.js
FN:5,(anonymous_0)
FN:8,(anonymous_1)
FN:12,(anonymous_2)
FN:13,(anonymous_3)
FN:21,(anonymous_4)
FN:22,(anonymous_5)
FN:26,(anonymous_6)
FN:30,(anonymous_7)
FN:34,(anonymous_8)
FN:38,(anonymous_9)
FN:42,(anonymous_10)
FN:47,(anonymous_11)
FN:48,(anonymous_12)
FN:56,(anonymous_13)
FN:57,(anonymous_14)
FN:64,(anonymous_15)
FN:66,(anonymous_16)
FN:72,(anonymous_17)
FN:73,(anonymous_18)
FN:74,(anonymous_19)
FN:85,(anonymous_20)
FN:86,(anonymous_21)
FN:88,(anonymous_22)
FN:105,(anonymous_23)
FN:106,(anonymous_24)
FN:107,(anonymous_25)
FN:121,(anonymous_26)
FN:122,(anonymous_27)
FN:130,(anonymous_28)
FN:131,(anonymous_29)
FN:132,(anonymous_30)
FN:135,(anonymous_31)
FN:141,(anonymous_32)
FN:142,(anonymous_33)
FN:148,(anonymous_34)
FN:150,(anonymous_35)
FN:151,(anonymous_36)
FN:152,(anonymous_37)
FN:155,(anonymous_38)
FN:163,(anonymous_39)
FN:165,(anonymous_40)
FN:166,(anonymous_41)
FN:175,(anonymous_42)
FN:188,(anonymous_43)
FN:189,(anonymous_44)
FN:190,(anonymous_45)
FN:195,(anonymous_46)
FN:196,(anonymous_47)
FN:197,(anonymous_48)
FN:205,(anonymous_49)
FN:206,(anonymous_50)
FN:207,(anonymous_51)
FN:213,(anonymous_52)
FN:215,(anonymous_53)
FN:216,(anonymous_54)
FN:220,(anonymous_55)
FN:227,(anonymous_56)
FN:229,(anonymous_57)
FN:230,(anonymous_58)
FN:234,(anonymous_59)
FN:241,(anonymous_60)
FN:243,(anonymous_61)
FN:244,(anonymous_62)
FN:245,(anonymous_63)
FN:248,(anonymous_64)
FN:255,(anonymous_65)
FN:257,(anonymous_66)
FN:258,(anonymous_67)
FN:262,(anonymous_68)
FN:269,(anonymous_69)
FN:271,(anonymous_70)
FN:272,(anonymous_71)
FN:276,(anonymous_72)
FNF:73
FNH:17
FNDA:1,(anonymous_0)
FNDA:0,(anonymous_1)
FNDA:0,(anonymous_2)
FNDA:0,(anonymous_3)
FNDA:1,(anonymous_4)
FNDA:0,(anonymous_5)
FNDA:0,(anonymous_6)
FNDA:0,(anonymous_7)
FNDA:0,(anonymous_8)
FNDA:0,(anonymous_9)
FNDA:0,(anonymous_10)
FNDA:1,(anonymous_11)
FNDA:0,(anonymous_12)
FNDA:1,(anonymous_13)
FNDA:0,(anonymous_14)
FNDA:1,(anonymous_15)
FNDA:0,(anonymous_16)
FNDA:0,(anonymous_17)
FNDA:0,(anonymous_18)
FNDA:0,(anonymous_19)
FNDA:0,(anonymous_20)
FNDA:0,(anonymous_21)
FNDA:0,(anonymous_22)
FNDA:0,(anonymous_23)
FNDA:0,(anonymous_24)
FNDA:0,(anonymous_25)
FNDA:1,(anonymous_26)
FNDA:0,(anonymous_27)
FNDA:1,(anonymous_28)
FNDA:0,(anonymous_29)
FNDA:0,(anonymous_30)
FNDA:0,(anonymous_31)
FNDA:1,(anonymous_32)
FNDA:0,(anonymous_33)
FNDA:1,(anonymous_34)
FNDA:0,(anonymous_35)
FNDA:0,(anonymous_36)
FNDA:0,(anonymous_37)
FNDA:0,(anonymous_38)
FNDA:1,(anonymous_39)
FNDA:0,(anonymous_40)
FNDA:0,(anonymous_41)
FNDA:0,(anonymous_42)
FNDA:1,(anonymous_43)
FNDA:0,(anonymous_44)
FNDA:0,(anonymous_45)
FNDA:0,(anonymous_46)
FNDA:0,(anonymous_47)
FNDA:0,(anonymous_48)
FNDA:1,(anonymous_49)
FNDA:0,(anonymous_50)
FNDA:0,(anonymous_51)
FNDA:1,(anonymous_52)
FNDA:0,(anonymous_53)
FNDA:0,(anonymous_54)
FNDA:0,(anonymous_55)
FNDA:1,(anonymous_56)
FNDA:0,(anonymous_57)
FNDA:0,(anonymous_58)
FNDA:0,(anonymous_59)
FNDA:1,(anonymous_60)
FNDA:0,(anonymous_61)
FNDA:0,(anonymous_62)
FNDA:0,(anonymous_63)
FNDA:0,(anonymous_64)
FNDA:1,(anonymous_65)
FNDA:0,(anonymous_66)
FNDA:0,(anonymous_67)
FNDA:0,(anonymous_68)
FNDA:1,(anonymous_69)
FNDA:0,(anonymous_70)
FNDA:0,(anonymous_71)
FNDA:0,(anonymous_72)
DA:3,1
DA:5,1
DA:8,1
DA:9,0
DA:12,0
DA:13,0
DA:17,0
DA:18,0
DA:21,1
DA:22,1
DA:23,0
DA:26,1
DA:27,0
DA:30,1
DA:31,0
DA:34,1
DA:35,0
DA:38,1
DA:39,0
DA:42,1
DA:43,0
DA:47,1
DA:48,1
DA:49,0
DA:50,0
DA:51,0
DA:52,0
DA:56,1
DA:57,1
DA:58,0
DA:59,0
DA:60,0
DA:64,1
DA:66,1
DA:67,0
DA:68,0
DA:69,0
DA:72,1
DA:73,0
DA:74,0
DA:76,0
DA:78,0
DA:79,0
DA:80,0
DA:81,0
DA:82,0
DA:85,1
DA:86,0
DA:87,0
DA:88,0
DA:89,0
DA:90,0
DA:91,0
DA:94,0
DA:96,0
DA:97,0
DA:98,0
DA:99,0
DA:100,0
DA:101,0
DA:102,0
DA:105,1
DA:106,0
DA:107,0
DA:109,0
DA:111,0
DA:112,0
DA:113,0
DA:114,0
DA:115,0
DA:116,0
DA:117,0
DA:121,1
DA:122,1
DA:123,0
DA:124,0
DA:125,0
DA:126,0
DA:130,1
DA:131,1
DA:132,0
DA:135,1
DA:136,0
DA:137,0
DA:141,1
DA:142,1
DA:143,0
DA:144,0
DA:148,1
DA:150,1
DA:151,0
DA:152,0
DA:155,1
DA:156,0
DA:157,0
DA:158,0
DA:159,0
DA:163,1
DA:165,1
DA:166,0
DA:167,0
DA:168,0
DA:175,1
DA:176,0
DA:177,0
DA:178,0
DA:179,0
DA:180,0
DA:181,0
DA:182,0
DA:183,0
DA:184,0
DA:188,1
DA:189,1
DA:190,0
DA:191,0
DA:192,0
DA:195,1
DA:196,0
DA:197,0
DA:198,0
DA:199,0
DA:200,0
DA:201,0
DA:205,1
DA:206,1
DA:207,0
DA:208,0
DA:209,0
DA:213,1
DA:215,1
DA:216,0
DA:217,0
DA:220,1
DA:221,0
DA:222,0
DA:223,0
DA:227,1
DA:229,1
DA:230,0
DA:231,0
DA:234,1
DA:235,0
DA:236,0
DA:237,0
DA:241,1
DA:243,1
DA:244,0
DA:245,0
DA:248,1
DA:249,0
DA:250,0
DA:251,0
DA:255,1
DA:257,1
DA:258,0
DA:259,0
DA:262,1
DA:263,0
DA:264,0
DA:265,0
DA:269,1
DA:271,1
DA:272,0
DA:273,0
DA:276,1
DA:277,0
DA:278,0
DA:279,0
LF:169
LH:52
BRF:0
BRH:0
end_of_record
TN:
SF:/home/user/vega/projects/glace/glace-web/tests/unit/testEvent.js
FN:5,(anonymous_0)
FN:8,(anonymous_1)
FN:10,(anonymous_2)
FN:14,(anonymous_3)
FN:16,(anonymous_4)
FN:20,(anonymous_5)
FN:24,(anonymous_6)
FN:28,(anonymous_7)
FN:33,(anonymous_8)
FN:34,(anonymous_9)
FN:39,(anonymous_10)
FN:40,(anonymous_11)
FN:41,(anonymous_12)
FNF:13
FNH:5
FNDA:1,(anonymous_0)
FNDA:0,(anonymous_1)
FNDA:0,(anonymous_2)
FNDA:1,(anonymous_3)
FNDA:0,(anonymous_4)
FNDA:0,(anonymous_5)
FNDA:0,(anonymous_6)
FNDA:0,(anonymous_7)
FNDA:1,(anonymous_8)
FNDA:0,(anonymous_9)
FNDA:8,(anonymous_10)
FNDA:8,(anonymous_11)
FNDA:0,(anonymous_12)
DA:3,1
DA:5,1
DA:8,1
DA:9,0
DA:10,0
DA:11,0
DA:14,1
DA:16,1
DA:17,0
DA:20,1
DA:21,0
DA:24,1
DA:25,0
DA:28,1
DA:29,0
DA:33,1
DA:34,1
DA:35,0
DA:39,1
DA:40,8
DA:41,8
DA:42,0
DA:43,0
DA:44,0
DA:45,0
DA:46,0
DA:47,0
LF:27
LH:13
BRF:0
BRH:0
end_of_record
TN:
SF:/home/user/vega/projects/glace/glace-web/tests/unit/testLazyImport.js
FN:7,(anonymous_0)
FN:9,(anonymous_1)
FN:13,(anonymous_2)
FN:17,(anonymous_3)
FN:21,(anonymous_4)
FNF:5
FNH:1
FNDA:1,(anonymous_0)
FNDA:0,(anonymous_1)
FNDA:0,(anonymous_2)
FNDA:0,(anonymous_3)
FNDA:0,(anonymous_4)
DA:3,1
DA:4,1
DA:7,1
DA:9,1
DA:10,0
DA:13,1
DA:14,0
DA:17,1
DA:18,0
DA:21,1
DA:22,0
LF:11
LH:7
BRF:0
BRH:0
end_of_record
TN:
SF:/home/user/vega/projects/glace/glace-web/tests/unit/testPage.js
FN:5,(anonymous_0)
FN:8,(anonymous_1)
FN:12,(anonymous_2)
FN:13,(anonymous_3)
FN:16,(anonymous_4)
FN:19,(anonymous_5)
FN:23,(anonymous_6)
FN:33,(anonymous_7)
FN:34,(anonymous_8)
FN:43,(anonymous_9)
FN:50,(anonymous_10)
FN:51,(anonymous_11)
FN:51,(anonymous_12)
FN:57,(anonymous_13)
FN:58,(anonymous_14)
FN:62,(anonymous_15)
FN:63,(anonymous_16)
FN:68,(anonymous_17)
FN:69,(anonymous_18)
FN:75,(anonymous_19)
FN:77,(anonymous_20)
FN:78,(anonymous_21)
FN:81,(anonymous_22)
FN:87,(anonymous_23)
FN:89,(anonymous_24)
FN:96,(anonymous_25)
FN:98,(anonymous_26)
FN:103,(anonymous_27)
FN:105,(anonymous_28)
FNF:29
FNH:6
FNDA:1,(anonymous_0)
FNDA:0,(anonymous_1)
FNDA:1,(anonymous_2)
FNDA:0,(anonymous_3)
FNDA:0,(anonymous_4)
FNDA:0,(anonymous_5)
FNDA:0,(anonymous_6)
FNDA:0,(anonymous_7)
FNDA:0,(anonymous_8)
FNDA:0,(anonymous_9)
FNDA:0,(anonymous_10)
FNDA:0,(anonymous_11)
FNDA:0,(anonymous_12)
FNDA:0,(anonymous_13)
FNDA:0,(anonymous_14)
FNDA:0,(anonymous_15)
FNDA:0,(anonymous_16)
FNDA:1,(anonymous_17)
FNDA:0,(anonymous_18)
FNDA:1,(anonymous_19)
FNDA:0,(anonymous_20)
FNDA:0,(anonymous_21)
FNDA:0,(anonymous_22)
FNDA:1,(anonymous_23)
FNDA:0,(anonymous_24)
FNDA:0,(anonymous_25)
FNDA:0,(anonymous_26)
FNDA:1,(anonymous_27)
FNDA:0,(anonymous_28)
DA:3,1
DA:5,1
DA:8,1
DA:9,0
DA:12,1
DA:13,1
DA:14,0
DA:16,1
DA:17,0
DA:19,1
DA:20,0
DA:23,1
DA:24,0
DA:26,0
DA:27,0
DA:29,0
DA:30,0
DA:33,1
DA:34,0
DA:36,0
DA:37,0
DA:39,0
DA:40,0
DA:43,1
DA:44,0
DA:46,0
DA:47,0
DA:50,1
DA:51,0
DA:53,0
DA:54,0
DA:57,1
DA:58,0
DA:62,1
DA:63,0
DA:68,1
DA:69,1
DA:70,0
DA:71,0
DA:75,1
DA:77,1
DA:78,0
DA:81,1
DA:82,0
DA:83,0
DA:87,1
DA:89,1
DA:90,0
DA:91,0
DA:92,0
DA:93,0
DA:96,1
DA:97,0
DA:98,0
DA:103,1
DA:105,1
DA:106,0
DA:107,0
DA:108,0
DA:109,0
DA:110,0
DA:111,0
DA:112,0
DA:113,0
LF:64
LH:23
BRF:0
BRH:0
end_of_record
TN:
SF:/home/user/vega/projects/glace/glace-web/tests/unit/testPluginHelp.js
FN:5,(anonymous_0)
FN:7,(anonymous_1)
FN:7,(anonymous_2)
FN:9,(anonymous_3)
FN:13,(anonymous_4)
FN:17,(anonymous_5)
FN:21,(anonymous_6)
FN:25,(anonymous_7)
FN:29,(anonymous_8)
FN:33,(anonymous_9)
FN:37,(anonymous_10)
FN:41,(anonymous_11)
FN:45,(anonymous_12)
FN:49,(anonymous_13)
FNF:14
FNH:3
FNDA:1,(anonymous_0)
FNDA:1,(anonymous_1)
FNDA:14,(anonymous_2)
FNDA:0,(anonymous_3)
FNDA:0,(anonymous_4)
FNDA:0,(anonymous_5)
FNDA:0,(anonymous_6)
FNDA:0,(anonymous_7)
FNDA:0,(anonymous_8)
FNDA:0,(anonymous_9)
FNDA:0,(anonymous_10)
FNDA:0,(anonymous_11)
FNDA:0,(anonymous_12)
FNDA:0,(anonymous_13)
DA:3,1
DA:5,1
DA:7,14
DA:9,1
DA:10,0
DA:13,1
DA:14,0
DA:17,1
DA:18,0
DA:21,1
DA:22,0
DA:25,1
DA:26,0
DA:29,1
DA:30,0
DA:33,1
DA:34,0
DA:37,1
DA:38,0
DA:41,1
DA:42,0
DA:45,1
DA:46,0
DA:49,1
DA:50,0
LF:25
LH:14
BRF:0
BRH:0
end_of_record
TN:
SF:/home/user/vega/projects/glace/glace-web/tests/unit/testSteps.js
FN:7,(anonymous_0)
FN:10,(anonymous_1)
FN:14,(anonymous_2)
FN:19,(anonymous_3)
FN:21,(anonymous_4)
FN:27,(anonymous_5)
FN:34,(anonymous_6)
FN:43,(anonymous_7)
FN:45,(anonymous_8)
FN:57,(anonymous_9)
FN:63,(anonymous_10)
FN:68,(anonymous_11)
FN:76,(anonymous_12)
FN:82,(anonymous_13)
FN:86,(anonymous_14)
FN:91,(anonymous_15)
FN:100,(anonymous_16)
FN:102,(anonymous_17)
FN:110,(anonymous_18)
FN:118,(anonymous_19)
FN:128,(anonymous_20)
FN:136,(anonymous_21)
FN:142,(anonymous_22)
FN:148,(anonymous_23)
FN:153,(anonymous_24)
FN:159,(anonymous_25)
FN:161,(anonymous_26)
FN:173,(anonymous_27)
FN:179,(anonymous_28)
FN:189,(anonymous_29)
FN:200,(anonymous_30)
FN:201,(anonymous_31)
FN:205,(anonymous_32)
FNF:33
FNH:6
FNDA:1,(anonymous_0)
FNDA:0,(anonymous_1)
FNDA:0,(anonymous_2)
FNDA:1,(anonymous_3)
FNDA:0,(anonymous_4)
FNDA:0,(anonymous_5)
FNDA:0,(anonymous_6)
FNDA:1,(anonymous_7)
FNDA:0,(anonymous_8)
FNDA:0,(anonymous_9)
FNDA:0,(anonymous_10)
FNDA:0,(anonymous_11)
FNDA:0,(anonymous_12)
FNDA:0,(anonymous_13)
FNDA:0,(anonymous_14)
FNDA:0,(anonymous_15)
FNDA:1,(anonymous_16)
FNDA:0,(anonymous_17)
FNDA:0,(anonymous_18)
FNDA:0,(anonymous_19)
FNDA:0,(anonymous_20)
FNDA:0,(anonymous_21)
FNDA:0,(anonymous_22)
FNDA:0,(anonymous_23)
FNDA:0,(anonymous_24)
FNDA:1,(anonymous_25)
FNDA:0,(anonymous_26)
FNDA:0,(anonymous_27)
FNDA:0,(anonymous_28)
FNDA:0,(anonymous_29)
FNDA:1,(anonymous_30)
FNDA:0,(anonymous_31)
FNDA:0,(anonymous_32)
DA:3,1
DA:4,1
DA:5,1
DA:7,1
DA:10,1
DA:11,0
DA:14,1
DA:15,0
DA:16,0
DA:19,1
DA:21,1
DA:22,0
DA:23,0
DA:24,0
DA:27,1
DA:28,0
DA:29,0
DA:30,0
DA:31,0
DA:34,1
DA:35,0
DA:36,0
DA:37,0
DA:38,0
DA:39,0
DA:43,1
DA:45,1
DA:46,0
DA:47,0
DA:48,0
DA:49,0
DA:50,0
DA:57,1
DA:58,0
DA:59,0
DA:60,0
DA:63,1
DA:64,0
DA:65,0
DA:68,1
DA:69,0
DA:70,0
DA:71,0
DA:72,0
DA:73,0
DA:76,1
DA:77,0
DA:78,0
DA:79,0
DA:82,1
DA:83,0
DA:86,1
DA:87,0
DA:88,0
DA:91,1
DA:92,0
DA:93,0
DA:94,0
DA:95,0
DA:96,0
DA:100,1
DA:102,1
DA:103,0
DA:104,0
DA:110,1
DA:111,0
DA:112,0
DA:113,0
DA:114,0
DA:115,0
DA:118,1
DA:119,0
DA:120,0
DA:121,0
DA:122,0
DA:123,0
DA:124,0
DA:125,0
DA:128,1
DA:129,0
DA:132,0
DA:133,0
DA:136,1
DA:137,0
DA:138,0
DA:142,1
DA:143,0
DA:144,0
DA:148,1
DA:149,0
DA:153,1
DA:154,0
DA:159,1
DA:161,1
DA:162,0
DA:163,0
DA:164,0
DA:173,1
DA:174,0
DA:175,0
DA:176,0
DA:179,1
DA:180,0
DA:181,0
DA:182,0
DA:183,0
DA:184,0
DA:185,0
DA:186,0
DA:189,1
DA:190,0
DA:191,0
DA:192,0
DA:193,0
DA:200,1
DA:201,1
DA:202,0
DA:205,1
DA:206,0
DA:207,0
DA:208,0
LF:121
LH:36
BRF:0
BRH:0
end_of_record
