TN:
SF:/home/user/vega/projects/glace/glace-web/lib/config.js
FNF:0
FNH:0
DA:16,4
DA:17,4
DA:18,4
DA:20,4
DA:21,4
DA:23,4
DA:25,4
DA:26,4
DA:27,4
DA:28,4
DA:29,4
DA:30,4
DA:31,4
DA:32,4
DA:33,4
DA:34,4
DA:35,4
DA:37,4
DA:38,4
DA:39,4
DA:41,4
DA:42,0
DA:45,4
DA:47,4
DA:49,4
DA:51,4
DA:52,0
DA:53,0
DA:54,0
DA:57,4
DA:58,4
DA:59,4
DA:60,4
DA:61,4
DA:78,4
DA:79,0
DA:82,4
DA:83,0
DA:86,4
DA:87,0
DA:88,0
DA:89,0
DA:91,0
DA:97,0
DA:98,0
DA:99,0
DA:100,0
DA:101,0
DA:103,0
DA:104,0
DA:105,0
DA:106,0
DA:108,0
DA:109,0
DA:110,0
DA:111,0
DA:112,0
DA:116,4
LF:58
LH:34
BRDA:33,0,0,4
BRDA:33,0,1,0
BRDA:34,1,0,4
BRDA:34,1,1,0
BRDA:41,2,0,0
BRDA:41,2,1,4
BRDA:51,3,0,0
BRDA:51,3,1,4
BRDA:53,4,0,0
BRDA:53,4,1,0
BRDA:54,5,0,0
BRDA:54,5,1,0
BRDA:57,6,0,4
BRDA:57,6,1,0
BRDA:60,7,0,4
BRDA:60,7,1,0
BRDA:78,8,0,0
BRDA:78,8,1,4
BRDA:82,9,0,0
BRDA:82,9,1,4
BRDA:86,10,0,0
BRDA:86,10,1,4
BRDA:88,11,0,0
BRDA:88,11,1,0
BRDA:100,12,0,0
BRDA:100,12,1,0
BRDA:103,13,0,0
BRDA:103,13,1,0
BRDA:108,14,0,0
BRDA:108,14,1,0
BRDA:112,15,0,0
BRDA:112,15,1,0
BRF:32
BRH:9
end_of_record
TN:
SF:/home/user/vega/projects/glace/glace-web/lib/fixtures.js
FN:18,(anonymous_0)
FN:21,(anonymous_1)
FN:29,(anonymous_2)
FN:41,(anonymous_3)
FN:44,(anonymous_4)
FN:50,(anonymous_5)
FN:62,(anonymous_6)
FN:63,(anonymous_7)
FN:73,(anonymous_8)
FN:79,(anonymous_9)
FNF:10
FNH:10
FNDA:1,(anonymous_0)
FNDA:1,(anonymous_1)
FNDA:1,(anonymous_2)
FNDA:1,(anonymous_3)
FNDA:1,(anonymous_4)
FNDA:1,(anonymous_5)
FNDA:1,(anonymous_6)
FNDA:1,(anonymous_7)
FNDA:1,(anonymous_8)
FNDA:1,(anonymous_9)
DA:8,1
DA:10,1
DA:18,1
DA:21,1
DA:22,1
DA:23,1
DA:24,1
DA:27,1
DA:29,1
DA:30,1
DA:31,1
DA:41,1
DA:44,1
DA:45,1
DA:48,1
DA:50,1
DA:51,1
DA:52,1
DA:62,1
DA:63,1
DA:64,1
DA:73,1
DA:75,1
DA:79,1
DA:80,1
DA:83,1
LF:26
LH:26
BRDA:22,0,0,0
BRDA:22,0,1,1
BRDA:30,1,0,0
BRDA:30,1,1,1
BRDA:51,2,0,0
BRDA:51,2,1,1
BRF:6
BRH:3
end_of_record
TN:
SF:/home/user/vega/projects/glace/glace-web/lib/index.js
FN:15,(anonymous_0)
FN:24,(anonymous_1)
FN:33,(anonymous_2)
FN:42,(anonymous_3)
FNF:4
FNH:4
FNDA:2,(anonymous_0)
FNDA:2,(anonymous_1)
FNDA:2,(anonymous_2)
FNDA:2,(anonymous_3)
DA:10,1
DA:16,2
DA:17,2
DA:25,2
DA:26,2
DA:34,2
DA:35,2
DA:43,2
DA:44,2
LF:9
LH:9
BRDA:16,0,0,2
BRDA:16,0,1,1
BRDA:25,1,0,2
BRDA:25,1,1,1
BRDA:34,2,0,2
BRDA:34,2,1,1
BRDA:43,3,0,2
BRDA:43,3,1,1
BRF:8
BRH:8
end_of_record
TN:
SF:/home/user/vega/projects/glace/glace-web/lib/pluginHelp.js
FN:7,(anonymous_0)
FNF:1
FNH:1
FNDA:1,(anonymous_0)
DA:7,1
DA:8,1
LF:2
LH:2
BRF:0
BRH:0
end_of_record
TN:
SF:/home/user/vega/projects/glace/glace-web/lib/utils.js
FN:8,(anonymous_0)
FN:10,(anonymous_1)
FN:13,(anonymous_2)
FN:21,(anonymous_3)
FN:30,(anonymous_4)
FNF:5
FNH:3
FNDA:3,(anonymous_0)
FNDA:0,(anonymous_1)
FNDA:85,(anonymous_2)
FNDA:36,(anonymous_3)
FNDA:0,(anonymous_4)
DA:3,1
DA:4,1
DA:6,1
DA:9,3
DA:10,0
DA:14,85
DA:15,0
DA:17,85
DA:22,36
DA:23,0
DA:25,36
DA:30,1
DA:31,0
LF:13
LH:9
BRDA:9,0,0,3
BRDA:9,0,1,0
BRDA:14,1,0,0
BRDA:14,1,1,85
BRDA:22,2,0,0
BRDA:22,2,1,36
BRF:6
BRH:3
end_of_record
TN:
SF:/home/user/vega/projects/glace/glace-web/lib/pom/element.js
FN:22,(anonymous_0)
FN:39,(anonymous_1)
FN:52,(anonymous_2)
FN:62,(anonymous_3)
FN:72,(anonymous_4)
FN:74,(anonymous_5)
FN:86,(anonymous_6)
FN:119,(anonymous_7)
FN:143,(anonymous_8)
FN:157,(anonymous_9)
FN:169,(anonymous_10)
FN:192,(anonymous_11)
FN:216,(anonymous_12)
FN:255,(anonymous_13)
FN:277,(anonymous_14)
FN:279,(anonymous_15)
FN:290,(anonymous_16)
FN:294,(anonymous_17)
FN:307,(anonymous_18)
FN:311,(anonymous_19)
FN:321,(anonymous_20)
FN:322,(anonymous_21)
FN:336,(anonymous_22)
FN:341,(anonymous_23)
FN:354,(anonymous_24)
FN:358,(anonymous_25)
FN:373,(anonymous_26)
FNF:27
FNH:23
FNDA:36,(anonymous_0)
FNDA:34,(anonymous_1)
FNDA:3,(anonymous_2)
FNDA:0,(anonymous_3)
FNDA:0,(anonymous_4)
FNDA:0,(anonymous_5)
FNDA:4,(anonymous_6)
FNDA:2,(anonymous_7)
FNDA:1,(anonymous_8)
FNDA:1,(anonymous_9)
FNDA:4,(anonymous_10)
FNDA:1,(anonymous_11)
FNDA:1,(anonymous_12)
FNDA:2,(anonymous_13)
FNDA:2,(anonymous_14)
FNDA:2,(anonymous_15)
FNDA:1,(anonymous_16)
FNDA:1,(anonymous_17)
FNDA:1,(anonymous_18)
FNDA:1,(anonymous_19)
FNDA:2,(anonymous_20)
FNDA:2,(anonymous_21)
FNDA:2,(anonymous_22)
FNDA:2,(anonymous_23)
FNDA:1,(anonymous_24)
FNDA:1,(anonymous_25)
FNDA:0,(anonymous_26)
DA:14,1
DA:15,1
DA:16,1
DA:18,1
DA:19,1
DA:20,1
DA:22,1
DA:24,36
DA:25,36
DA:26,36
DA:28,36
DA:29,36
DA:30,36
DA:31,36
DA:39,1
DA:40,34
DA:41,21
DA:43,34
DA:52,1
DA:53,3
DA:62,1
DA:63,0
DA:72,1
DA:73,0
DA:74,0
DA:86,1
DA:88,4
DA:89,4
DA:91,4
DA:92,0
DA:95,4
DA:96,4
DA:98,3
DA:99,3
DA:101,2
DA:102,2
DA:104,1
DA:119,1
DA:121,2
DA:122,2
DA:123,2
DA:124,2
DA:126,2
DA:127,2
DA:128,0
DA:129,0
DA:131,2
DA:133,2
DA:143,1
DA:145,1
DA:157,1
DA:169,1
DA:171,4
DA:172,4
DA:174,4
DA:175,2
DA:178,4
DA:179,4
DA:192,1
DA:194,1
DA:195,1
DA:196,1
DA:198,1
DA:199,1
DA:200,0
DA:201,0
DA:203,1
DA:216,1
DA:218,1
DA:219,1
DA:220,1
DA:222,1
DA:223,1
DA:224,0
DA:225,0
DA:228,1
DA:229,1
DA:230,1
DA:231,1
DA:244,1
DA:255,1
DA:257,2
DA:258,2
DA:260,2
DA:261,0
DA:264,2
DA:265,2
DA:267,1
DA:268,1
DA:277,1
DA:278,2
DA:279,2
DA:290,1
DA:291,1
DA:292,1
DA:294,1
DA:295,1
DA:307,1
DA:308,1
DA:309,1
DA:311,1
DA:312,1
DA:321,1
DA:322,2
DA:323,2
DA:324,2
DA:336,1
DA:337,2
DA:338,2
DA:341,2
DA:342,2
DA:354,1
DA:355,1
DA:356,1
DA:358,1
DA:359,1
DA:373,1
DA:374,0
DA:375,0
DA:376,0
DA:377,0
DA:380,1
LF:122
LH:107
BRDA:40,0,0,21
BRDA:40,0,1,13
BRDA:91,1,0,0
BRDA:91,1,1,4
BRDA:96,2,0,1
BRDA:96,2,1,3
BRDA:99,3,0,1
BRDA:99,3,1,2
BRDA:102,4,0,1
BRDA:102,4,1,1
BRDA:126,5,0,2
BRDA:126,5,1,0
BRDA:128,6,0,0
BRDA:128,6,1,0
BRDA:131,7,0,1
BRDA:131,7,1,1
BRDA:174,8,0,2
BRDA:174,8,1,2
BRDA:198,9,0,1
BRDA:198,9,1,0
BRDA:200,10,0,0
BRDA:200,10,1,0
BRDA:222,11,0,1
BRDA:222,11,1,0
BRDA:224,12,0,0
BRDA:224,12,1,0
BRDA:260,13,0,0
BRDA:260,13,1,2
BRDA:265,14,0,1
BRDA:265,14,1,1
BRDA:323,15,0,0
BRDA:323,15,1,2
BRDA:373,16,0,0
BRF:33
BRH:20
end_of_record
TN:
SF:/home/user/vega/projects/glace/glace-web/lib/pom/event.js
FN:16,(anonymous_0)
FN:28,(anonymous_1)
FN:43,(anonymous_2)
FN:62,(anonymous_3)
FN:81,(anonymous_4)
FN:100,(anonymous_5)
FN:119,(anonymous_6)
FN:138,(anonymous_7)
FN:157,(anonymous_8)
FN:176,(anonymous_9)
FNF:10
FNH:10
FNDA:49,(anonymous_0)
FNDA:9,(anonymous_1)
FNDA:1,(anonymous_2)
FNDA:1,(anonymous_3)
FNDA:1,(anonymous_4)
FNDA:1,(anonymous_5)
FNDA:1,(anonymous_6)
FNDA:1,(anonymous_7)
FNDA:1,(anonymous_8)
FNDA:1,(anonymous_9)
DA:12,1
DA:14,1
DA:16,1
DA:17,49
DA:18,49
DA:19,49
DA:20,49
DA:28,1
DA:29,9
DA:30,9
DA:32,9
DA:43,1
DA:44,1
DA:51,1
DA:62,1
DA:63,1
DA:70,1
DA:81,1
DA:82,1
DA:89,1
DA:100,1
DA:101,1
DA:108,1
DA:119,1
DA:120,1
DA:127,1
DA:138,1
DA:139,1
DA:146,1
DA:157,1
DA:158,1
DA:165,1
DA:176,1
DA:177,1
DA:184,1
DA:187,1
LF:36
LH:36
BRDA:29,0,0,9
BRDA:29,0,1,0
BRF:2
BRH:1
end_of_record
TN:
SF:/home/user/vega/projects/glace/glace-web/lib/pom/index.js
FN:16,(anonymous_0)
FN:31,(anonymous_1)
FN:41,(anonymous_2)
FN:53,(anonymous_3)
FN:67,(anonymous_4)
FN:100,(anonymous_5)
FNF:6
FNH:6
FNDA:22,(anonymous_0)
FNDA:3,(anonymous_1)
FNDA:4,(anonymous_2)
FNDA:26,(anonymous_3)
FNDA:21,(anonymous_4)
FNDA:1,(anonymous_5)
DA:12,1
DA:14,1
DA:16,1
DA:18,22
DA:19,22
DA:21,22
DA:23,22
DA:31,1
DA:32,3
DA:41,1
DA:42,4
DA:45,3
DA:53,1
DA:54,26
DA:55,14
DA:56,14
DA:67,1
DA:69,21
DA:70,3
DA:71,18
DA:73,5
DA:74,1
DA:77,4
DA:78,4
DA:79,4
DA:80,4
DA:83,13
DA:84,12
DA:85,1
DA:88,11
DA:90,1
DA:100,1
DA:101,2
DA:104,1
LF:34
LH:34
BRDA:23,0,0,22
BRDA:23,0,1,15
BRDA:69,1,0,3
BRDA:69,1,1,18
BRDA:71,2,0,5
BRDA:71,2,1,13
BRDA:73,3,0,1
BRDA:73,3,1,4
BRDA:83,4,0,12
BRDA:83,4,1,1
BRDA:84,5,0,1
BRDA:84,5,1,11
BRF:12
BRH:12
end_of_record
TN:
SF:/home/user/vega/projects/glace/glace-web/lib/steps/browser.js
FN:27,(anonymous_0)
FN:41,(anonymous_1)
FN:66,(anonymous_2)
FN:68,(anonymous_3)
FN:78,(anonymous_4)
FN:103,(anonymous_5)
FN:104,(anonymous_6)
FN:116,(anonymous_7)
FN:137,(anonymous_8)
FN:139,(anonymous_9)
FN:156,(anonymous_10)
FN:219,(anonymous_11)
FN:242,(anonymous_12)
FN:268,(anonymous_13)
FN:317,(anonymous_14)
FN:358,(anonymous_15)
FN:376,(anonymous_16)
FN:406,(anonymous_17)
FN:418,(anonymous_18)
FN:443,(anonymous_19)
FN:466,(anonymous_20)
FNF:21
FNH:2
FNDA:0,(anonymous_0)
FNDA:0,(anonymous_1)
FNDA:0,(anonymous_2)
FNDA:0,(anonymous_3)
FNDA:0,(anonymous_4)
FNDA:0,(anonymous_5)
FNDA:0,(anonymous_6)
FNDA:0,(anonymous_7)
FNDA:0,(anonymous_8)
FNDA:0,(anonymous_9)
FNDA:0,(anonymous_10)
FNDA:0,(anonymous_11)
FNDA:4,(anonymous_12)
FNDA:0,(anonymous_13)
FNDA:0,(anonymous_14)
FNDA:0,(anonymous_15)
FNDA:0,(anonymous_16)
FNDA:0,(anonymous_17)
FNDA:0,(anonymous_18)
FNDA:0,(anonymous_19)
FNDA:9,(anonymous_20)
DA:8,1
DA:9,1
DA:11,1
DA:12,1
DA:13,1
DA:14,1
DA:15,1
DA:16,1
DA:17,1
DA:19,1
DA:23,1
DA:36,0
DA:37,0
DA:38,0
DA:54,0
DA:55,0
DA:56,0
DA:59,0
DA:60,0
DA:61,0
DA:63,0
DA:64,0
DA:66,0
DA:68,0
DA:69,0
DA:70,0
DA:74,0
DA:75,0
DA:92,0
DA:93,0
DA:94,0
DA:97,0
DA:98,0
DA:100,0
DA:101,0
DA:103,0
DA:104,0
DA:105,0
DA:106,0
DA:110,0
DA:111,0
DA:113,0
DA:129,0
DA:130,0
DA:131,0
DA:134,0
DA:135,0
DA:137,0
DA:139,0
DA:140,0
DA:142,0
DA:143,0
DA:145,0
DA:146,0
DA:147,0
DA:150,0
DA:151,0
DA:153,0
DA:178,0
DA:179,0
DA:180,0
DA:183,0
DA:184,0
DA:186,0
DA:187,0
DA:189,0
DA:191,0
DA:193,0
DA:196,0
DA:197,0
DA:199,0
DA:200,0
DA:204,0
DA:205,0
DA:207,0
DA:208,0
DA:211,0
DA:212,0
DA:220,0
DA:221,0
DA:222,0
DA:224,0
DA:225,0
DA:245,4
DA:248,4
DA:250,4
DA:251,1
DA:256,1
DA:257,3
DA:261,4
DA:262,6
DA:265,4
DA:285,0
DA:286,0
DA:287,0
DA:288,0
DA:290,0
DA:291,0
DA:293,0
DA:294,0
DA:296,0
DA:300,0
DA:301,0
DA:303,0
DA:306,0
DA:311,0
DA:312,0
DA:314,0
DA:332,0
DA:333,0
DA:334,0
DA:337,0
DA:338,0
DA:340,0
DA:341,0
DA:343,0
DA:344,0
DA:346,0
DA:347,0
DA:350,0
DA:352,0
DA:353,0
DA:355,0
DA:370,0
DA:371,0
DA:372,0
DA:373,0
DA:393,0
DA:394,0
DA:395,0
DA:397,0
DA:398,0
DA:400,0
DA:402,0
DA:403,0
DA:406,0
DA:407,0
DA:408,0
DA:410,0
DA:414,0
DA:415,0
DA:431,0
DA:432,0
DA:434,0
DA:435,0
DA:445,0
DA:449,0
DA:451,0
DA:452,0
DA:454,0
DA:458,1
DA:466,1
DA:467,9
DA:468,9
DA:469,27
DA:471,9
LF:156
LH:26
BRDA:54,0,0,0
BRDA:54,0,1,0
BRDA:54,1,0,0
BRDA:54,1,1,0
BRDA:69,2,0,0
BRDA:69,2,1,0
BRDA:92,3,0,0
BRDA:92,3,1,0
BRDA:105,4,0,0
BRDA:105,4,1,0
BRDA:129,5,0,0
BRDA:129,5,1,0
BRDA:147,6,0,0
BRDA:147,6,1,0
BRDA:178,7,0,0
BRDA:178,7,1,0
BRDA:191,8,0,0
BRDA:191,8,1,0
BRDA:191,9,0,0
BRDA:191,9,1,0
BRDA:199,10,0,0
BRDA:199,10,1,0
BRDA:207,11,0,0
BRDA:207,11,1,0
BRDA:207,12,0,0
BRDA:207,12,1,0
BRDA:207,12,2,0
BRDA:250,13,0,1
BRDA:250,13,1,3
BRDA:250,14,0,4
BRDA:250,14,1,1
BRDA:257,15,0,3
BRDA:257,15,1,0
BRDA:262,16,0,6
BRDA:262,16,1,0
BRDA:300,17,0,0
BRDA:300,17,1,0
BRDA:332,18,0,0
BRDA:332,18,1,0
BRDA:346,19,0,0
BRDA:346,19,1,0
BRDA:402,20,0,0
BRDA:402,20,1,0
BRDA:449,21,0,0
BRDA:449,21,1,0
BRDA:452,22,0,0
BRDA:452,22,1,0
BRDA:469,23,0,0
BRDA:469,23,1,27
BRF:49
BRH:7
end_of_record
TN:
SF:/home/user/vega/projects/glace/glace-web/lib/steps/index.js
FNF:0
FNH:0
DA:12,1
DA:14,1
DA:16,1
DA:17,1
DA:21,1
LF:5
LH:5
BRF:0
BRH:0
end_of_record
TN:
SF:/home/user/vega/projects/glace/glace-web/lib/steps/page.js
FN:16,(anonymous_0)
FN:42,(anonymous_1)
FN:68,(anonymous_2)
FN:94,(anonymous_3)
FN:112,(anonymous_4)
FN:128,(anonymous_5)
FN:168,(anonymous_6)
FNF:7
FNH:3
FNDA:1,(anonymous_0)
FNDA:0,(anonymous_1)
FNDA:2,(anonymous_2)
FNDA:0,(anonymous_3)
FNDA:0,(anonymous_4)
FNDA:0,(anonymous_5)
FNDA:7,(anonymous_6)
DA:8,1
DA:10,1
DA:11,1
DA:12,1
DA:14,1
DA:26,1
DA:27,1
DA:28,0
DA:29,0
DA:32,1
DA:33,1
DA:35,1
DA:36,1
DA:38,1
DA:52,0
DA:53,0
DA:54,0
DA:55,0
DA:58,0
DA:59,0
DA:61,0
DA:62,0
DA:64,0
DA:80,2
DA:81,2
DA:84,2
DA:86,2
DA:87,2
DA:88,2
DA:90,2
DA:91,2
DA:107,0
DA:108,0
DA:111,0
DA:112,0
DA:114,0
DA:115,0
DA:117,0
DA:118,0
DA:119,0
DA:120,0
DA:121,0
DA:124,0
DA:143,0
DA:144,0
DA:146,0
DA:147,0
DA:149,0
DA:151,0
DA:152,0
DA:156,0
DA:157,0
DA:159,0
DA:169,7
DA:170,7
DA:173,1
LF:56
LH:23
BRDA:27,0,0,0
BRDA:27,0,1,1
BRDA:53,1,0,0
BRDA:53,1,1,0
BRDA:118,2,0,0
BRDA:118,2,1,0
BRDA:151,3,0,0
BRDA:151,3,1,0
BRDA:169,4,0,2
BRDA:169,4,1,5
BRF:10
BRH:3
end_of_record
